<?xml version="1.0" encoding="UTF-8"?>
<testng-results ignored="0" total="1" passed="1" failed="0" skipped="0">
  <reporter-output>
  </reporter-output>
  <suite started-at="2022-08-22T19:44:24 IST" name="Default suite" finished-at="2022-08-22T19:44:30 IST" duration-ms="5787">
    <groups>
    </groups>
    <test started-at="2022-08-22T19:44:24 IST" name="Default test" finished-at="2022-08-22T19:44:30 IST" duration-ms="5787">
      <class name="bhagyashri.ExtendReports.ExtendReportDemo">
        <test-method is-config="true" signature="config()[pri:0, instance:bhagyashri.ExtendReports.ExtendReportDemo@72d1ad2e]" started-at="2022-08-22T19:44:24 IST" name="config" finished-at="2022-08-22T19:44:24 IST" duration-ms="231" status="PASS">
          <reporter-output>
          </reporter-output>
        </test-method> <!-- config -->
        <test-method signature="intialDemo()[pri:0, instance:bhagyashri.ExtendReports.ExtendReportDemo@72d1ad2e]" started-at="2022-08-22T19:44:24 IST" name="intialDemo" finished-at="2022-08-22T19:44:30 IST" duration-ms="5522" status="PASS">
          <reporter-output>
          </reporter-output>
        </test-method> <!-- intialDemo -->
      </class> <!-- bhagyashri.ExtendReports.ExtendReportDemo -->
    </test> <!-- Default test -->
  </suite> <!-- Default suite -->
</testng-results>
